<?xml version="1.0" encoding="UTF-8"?>
<!-- Generated by org.testng.reporters.JUnitReportReporter -->
<testsuite hostname="BLRPRGGWN216969" name="tests.TestOnDutyReporting" tests="1" failures="0" timestamp="28 Sep 2016 08:13:29 GMT" time="11.610" errors="0">
  <testcase name="testOnDutyReporting" time="11.610" classname="tests.TestOnDutyReporting"/>
</testsuite> <!-- tests.TestOnDutyReporting -->
