<?xml version="1.0" encoding="UTF-8"?>
<!-- Generated by org.testng.reporters.JUnitReportReporter -->
<testsuite hostname="BLRPRGGWN216969" name="tests.TestAbsenceRequestHistory" tests="1" failures="0" timestamp="28 Sep 2016 08:13:29 GMT" time="74.530" errors="0">
  <testcase name="testAbsenceRequestHistory" time="74.530" classname="tests.TestAbsenceRequestHistory"/>
</testsuite> <!-- tests.TestAbsenceRequestHistory -->
