<?xml version="1.0" encoding="UTF-8"?>
<!-- Generated by org.testng.reporters.JUnitReportReporter -->
<testsuite hostname="BLRPRGGWN216969" name="com.onepoint.tests.TestTimesheetCreate" tests="1" failures="0" timestamp="7 Oct 2016 06:19:50 GMT" time="2.476" errors="0">
  <testcase name="testTimesheetCreate" time="2.476" classname="com.onepoint.tests.TestTimesheetCreate"/>
</testsuite> <!-- com.onepoint.tests.TestTimesheetCreate -->
