<?xml version="1.0" encoding="UTF-8"?>
<!-- Generated by org.testng.reporters.JUnitReportReporter -->
<testsuite hostname="BLRPRGGWN216969" name="com.onepoint.tests.TestOnDutyReporting" tests="1" failures="0" timestamp="7 Oct 2016 06:19:50 GMT" time="3.704" errors="0">
  <testcase name="testOnDutyReporting" time="3.704" classname="com.onepoint.tests.TestOnDutyReporting"/>
</testsuite> <!-- com.onepoint.tests.TestOnDutyReporting -->
